The system is: Darwin - 12.2.1 - i386
Compiling the C compiler identification source file "CMakeCCompilerId.c" succeeded.
Compiler: /usr/bin/cc 
Build flags: 
Id flags: 

The output was:
0


Compilation of the C compiler identification source "CMakeCCompilerId.c" produced "a.out"

The C compiler identification is Clang, found in "/Users/rob/nbody/CMakeFiles/2.8.10/CompilerIdC/a.out"

Compiling the CXX compiler identification source file "CMakeCXXCompilerId.cpp" succeeded.
Compiler: /usr/bin/c++ 
Build flags: 
Id flags: 

The output was:
0


Compilation of the CXX compiler identification source "CMakeCXXCompilerId.cpp" produced "a.out"

The CXX compiler identification is Clang, found in "/Users/rob/nbody/CMakeFiles/2.8.10/CompilerIdCXX/a.out"

Determining if the C compiler works passed with the following output:
Change Dir: /Users/rob/nbody/CMakeFiles/CMakeTmp

Run Build Command:/opt/local/bin/gmake "cmTryCompileExec271377585/fast"
/opt/local/bin/gmake -f CMakeFiles/cmTryCompileExec271377585.dir/build.make CMakeFiles/cmTryCompileExec271377585.dir/build
gmake[1]: Entering directory `/Users/rob/nbody/CMakeFiles/CMakeTmp'
/opt/local/bin/cmake -E cmake_progress_report /Users/rob/nbody/CMakeFiles/CMakeTmp/CMakeFiles 1
Building C object CMakeFiles/cmTryCompileExec271377585.dir/testCCompiler.c.o
/usr/bin/cc    -o CMakeFiles/cmTryCompileExec271377585.dir/testCCompiler.c.o   -c /Users/rob/nbody/CMakeFiles/CMakeTmp/testCCompiler.c
Linking C executable cmTryCompileExec271377585
/opt/local/bin/cmake -E cmake_link_script CMakeFiles/cmTryCompileExec271377585.dir/link.txt --verbose=1
/usr/bin/cc      -Wl,-search_paths_first -Wl,-headerpad_max_install_names   CMakeFiles/cmTryCompileExec271377585.dir/testCCompiler.c.o  -o cmTryCompileExec271377585  
gmake[1]: Leaving directory `/Users/rob/nbody/CMakeFiles/CMakeTmp'


Detecting C compiler ABI info compiled with the following output:
Change Dir: /Users/rob/nbody/CMakeFiles/CMakeTmp

Run Build Command:/opt/local/bin/gmake "cmTryCompileExec4014235131/fast"
/opt/local/bin/gmake -f CMakeFiles/cmTryCompileExec4014235131.dir/build.make CMakeFiles/cmTryCompileExec4014235131.dir/build
gmake[1]: Entering directory `/Users/rob/nbody/CMakeFiles/CMakeTmp'
/opt/local/bin/cmake -E cmake_progress_report /Users/rob/nbody/CMakeFiles/CMakeTmp/CMakeFiles 1
Building C object CMakeFiles/cmTryCompileExec4014235131.dir/CMakeCCompilerABI.c.o
/usr/bin/cc    -o CMakeFiles/cmTryCompileExec4014235131.dir/CMakeCCompilerABI.c.o   -c /opt/local/share/cmake-2.8/Modules/CMakeCCompilerABI.c
Linking C executable cmTryCompileExec4014235131
/opt/local/bin/cmake -E cmake_link_script CMakeFiles/cmTryCompileExec4014235131.dir/link.txt --verbose=1
/usr/bin/cc      -Wl,-search_paths_first -Wl,-headerpad_max_install_names -v CMakeFiles/cmTryCompileExec4014235131.dir/CMakeCCompilerABI.c.o  -o cmTryCompileExec4014235131   
Apple LLVM version 4.2 (clang-425.0.27) (based on LLVM 3.2svn)
Target: x86_64-apple-darwin12.2.1
Thread model: posix
 "/usr/bin/ld" -demangle -dynamic -arch x86_64 -macosx_version_min 10.8.0 -o cmTryCompileExec4014235131 -search_paths_first -headerpad_max_install_names CMakeFiles/cmTryCompileExec4014235131.dir/CMakeCCompilerABI.c.o -lSystem /usr/bin/../lib/clang/4.2/lib/darwin/libclang_rt.osx.a
gmake[1]: Leaving directory `/Users/rob/nbody/CMakeFiles/CMakeTmp'


Parsed C implicit link information from above output:
  link line regex: [^( *|.*[/\])(ld|ld|collect2)[^/\]*( |$)]
  ignore line: [Change Dir: /Users/rob/nbody/CMakeFiles/CMakeTmp]
  ignore line: []
  ignore line: [Run Build Command:/opt/local/bin/gmake "cmTryCompileExec4014235131/fast"]
  ignore line: [/opt/local/bin/gmake -f CMakeFiles/cmTryCompileExec4014235131.dir/build.make CMakeFiles/cmTryCompileExec4014235131.dir/build]
  ignore line: [gmake[1]: Entering directory `/Users/rob/nbody/CMakeFiles/CMakeTmp']
  ignore line: [/opt/local/bin/cmake -E cmake_progress_report /Users/rob/nbody/CMakeFiles/CMakeTmp/CMakeFiles 1]
  ignore line: [Building C object CMakeFiles/cmTryCompileExec4014235131.dir/CMakeCCompilerABI.c.o]
  ignore line: [/usr/bin/cc    -o CMakeFiles/cmTryCompileExec4014235131.dir/CMakeCCompilerABI.c.o   -c /opt/local/share/cmake-2.8/Modules/CMakeCCompilerABI.c]
  ignore line: [Linking C executable cmTryCompileExec4014235131]
  ignore line: [/opt/local/bin/cmake -E cmake_link_script CMakeFiles/cmTryCompileExec4014235131.dir/link.txt --verbose=1]
  ignore line: [/usr/bin/cc      -Wl,-search_paths_first -Wl,-headerpad_max_install_names -v CMakeFiles/cmTryCompileExec4014235131.dir/CMakeCCompilerABI.c.o  -o cmTryCompileExec4014235131   ]
  ignore line: [Apple LLVM version 4.2 (clang-425.0.27) (based on LLVM 3.2svn)]
  ignore line: [Target: x86_64-apple-darwin12.2.1]
  ignore line: [Thread model: posix]
  link line: [ "/usr/bin/ld" -demangle -dynamic -arch x86_64 -macosx_version_min 10.8.0 -o cmTryCompileExec4014235131 -search_paths_first -headerpad_max_install_names CMakeFiles/cmTryCompileExec4014235131.dir/CMakeCCompilerABI.c.o -lSystem /usr/bin/../lib/clang/4.2/lib/darwin/libclang_rt.osx.a]
    arg [/usr/bin/ld] ==> ignore
    arg [-demangle] ==> ignore
    arg [-dynamic] ==> ignore
    arg [-arch] ==> ignore
    arg [x86_64] ==> ignore
    arg [-macosx_version_min] ==> ignore
    arg [10.8.0] ==> ignore
    arg [-o] ==> ignore
    arg [cmTryCompileExec4014235131] ==> ignore
    arg [-search_paths_first] ==> ignore
    arg [-headerpad_max_install_names] ==> ignore
    arg [CMakeFiles/cmTryCompileExec4014235131.dir/CMakeCCompilerABI.c.o] ==> ignore
    arg [-lSystem] ==> lib [System]
    arg [/usr/bin/../lib/clang/4.2/lib/darwin/libclang_rt.osx.a] ==> lib [/usr/bin/../lib/clang/4.2/lib/darwin/libclang_rt.osx.a]
  remove lib [System]
  implicit libs: [/usr/bin/../lib/clang/4.2/lib/darwin/libclang_rt.osx.a]
  implicit dirs: []


Determining if the CXX compiler works passed with the following output:
Change Dir: /Users/rob/nbody/CMakeFiles/CMakeTmp

Run Build Command:/opt/local/bin/gmake "cmTryCompileExec50623796/fast"
/opt/local/bin/gmake -f CMakeFiles/cmTryCompileExec50623796.dir/build.make CMakeFiles/cmTryCompileExec50623796.dir/build
gmake[1]: Entering directory `/Users/rob/nbody/CMakeFiles/CMakeTmp'
/opt/local/bin/cmake -E cmake_progress_report /Users/rob/nbody/CMakeFiles/CMakeTmp/CMakeFiles 1
Building CXX object CMakeFiles/cmTryCompileExec50623796.dir/testCXXCompiler.cxx.o
/usr/bin/c++     -o CMakeFiles/cmTryCompileExec50623796.dir/testCXXCompiler.cxx.o -c /Users/rob/nbody/CMakeFiles/CMakeTmp/testCXXCompiler.cxx
Linking CXX executable cmTryCompileExec50623796
/opt/local/bin/cmake -E cmake_link_script CMakeFiles/cmTryCompileExec50623796.dir/link.txt --verbose=1
/usr/bin/c++       -Wl,-search_paths_first -Wl,-headerpad_max_install_names   CMakeFiles/cmTryCompileExec50623796.dir/testCXXCompiler.cxx.o  -o cmTryCompileExec50623796  
gmake[1]: Leaving directory `/Users/rob/nbody/CMakeFiles/CMakeTmp'


Detecting CXX compiler ABI info compiled with the following output:
Change Dir: /Users/rob/nbody/CMakeFiles/CMakeTmp

Run Build Command:/opt/local/bin/gmake "cmTryCompileExec1911621469/fast"
/opt/local/bin/gmake -f CMakeFiles/cmTryCompileExec1911621469.dir/build.make CMakeFiles/cmTryCompileExec1911621469.dir/build
gmake[1]: Entering directory `/Users/rob/nbody/CMakeFiles/CMakeTmp'
/opt/local/bin/cmake -E cmake_progress_report /Users/rob/nbody/CMakeFiles/CMakeTmp/CMakeFiles 1
Building CXX object CMakeFiles/cmTryCompileExec1911621469.dir/CMakeCXXCompilerABI.cpp.o
/usr/bin/c++     -o CMakeFiles/cmTryCompileExec1911621469.dir/CMakeCXXCompilerABI.cpp.o -c /opt/local/share/cmake-2.8/Modules/CMakeCXXCompilerABI.cpp
Linking CXX executable cmTryCompileExec1911621469
/opt/local/bin/cmake -E cmake_link_script CMakeFiles/cmTryCompileExec1911621469.dir/link.txt --verbose=1
/usr/bin/c++       -Wl,-search_paths_first -Wl,-headerpad_max_install_names -v CMakeFiles/cmTryCompileExec1911621469.dir/CMakeCXXCompilerABI.cpp.o  -o cmTryCompileExec1911621469   
Apple LLVM version 4.2 (clang-425.0.27) (based on LLVM 3.2svn)
Target: x86_64-apple-darwin12.2.1
Thread model: posix
 "/usr/bin/ld" -demangle -dynamic -arch x86_64 -macosx_version_min 10.8.0 -o cmTryCompileExec1911621469 -search_paths_first -headerpad_max_install_names CMakeFiles/cmTryCompileExec1911621469.dir/CMakeCXXCompilerABI.cpp.o -lstdc++ -lSystem /usr/bin/../lib/clang/4.2/lib/darwin/libclang_rt.osx.a
gmake[1]: Leaving directory `/Users/rob/nbody/CMakeFiles/CMakeTmp'


Parsed CXX implicit link information from above output:
  link line regex: [^( *|.*[/\])(ld|ld|collect2)[^/\]*( |$)]
  ignore line: [Change Dir: /Users/rob/nbody/CMakeFiles/CMakeTmp]
  ignore line: []
  ignore line: [Run Build Command:/opt/local/bin/gmake "cmTryCompileExec1911621469/fast"]
  ignore line: [/opt/local/bin/gmake -f CMakeFiles/cmTryCompileExec1911621469.dir/build.make CMakeFiles/cmTryCompileExec1911621469.dir/build]
  ignore line: [gmake[1]: Entering directory `/Users/rob/nbody/CMakeFiles/CMakeTmp']
  ignore line: [/opt/local/bin/cmake -E cmake_progress_report /Users/rob/nbody/CMakeFiles/CMakeTmp/CMakeFiles 1]
  ignore line: [Building CXX object CMakeFiles/cmTryCompileExec1911621469.dir/CMakeCXXCompilerABI.cpp.o]
  ignore line: [/usr/bin/c++     -o CMakeFiles/cmTryCompileExec1911621469.dir/CMakeCXXCompilerABI.cpp.o -c /opt/local/share/cmake-2.8/Modules/CMakeCXXCompilerABI.cpp]
  ignore line: [Linking CXX executable cmTryCompileExec1911621469]
  ignore line: [/opt/local/bin/cmake -E cmake_link_script CMakeFiles/cmTryCompileExec1911621469.dir/link.txt --verbose=1]
  ignore line: [/usr/bin/c++       -Wl,-search_paths_first -Wl,-headerpad_max_install_names -v CMakeFiles/cmTryCompileExec1911621469.dir/CMakeCXXCompilerABI.cpp.o  -o cmTryCompileExec1911621469   ]
  ignore line: [Apple LLVM version 4.2 (clang-425.0.27) (based on LLVM 3.2svn)]
  ignore line: [Target: x86_64-apple-darwin12.2.1]
  ignore line: [Thread model: posix]
  link line: [ "/usr/bin/ld" -demangle -dynamic -arch x86_64 -macosx_version_min 10.8.0 -o cmTryCompileExec1911621469 -search_paths_first -headerpad_max_install_names CMakeFiles/cmTryCompileExec1911621469.dir/CMakeCXXCompilerABI.cpp.o -lstdc++ -lSystem /usr/bin/../lib/clang/4.2/lib/darwin/libclang_rt.osx.a]
    arg [/usr/bin/ld] ==> ignore
    arg [-demangle] ==> ignore
    arg [-dynamic] ==> ignore
    arg [-arch] ==> ignore
    arg [x86_64] ==> ignore
    arg [-macosx_version_min] ==> ignore
    arg [10.8.0] ==> ignore
    arg [-o] ==> ignore
    arg [cmTryCompileExec1911621469] ==> ignore
    arg [-search_paths_first] ==> ignore
    arg [-headerpad_max_install_names] ==> ignore
    arg [CMakeFiles/cmTryCompileExec1911621469.dir/CMakeCXXCompilerABI.cpp.o] ==> ignore
    arg [-lstdc++] ==> lib [stdc++]
    arg [-lSystem] ==> lib [System]
    arg [/usr/bin/../lib/clang/4.2/lib/darwin/libclang_rt.osx.a] ==> lib [/usr/bin/../lib/clang/4.2/lib/darwin/libclang_rt.osx.a]
  remove lib [System]
  implicit libs: [stdc++;/usr/bin/../lib/clang/4.2/lib/darwin/libclang_rt.osx.a]
  implicit dirs: []


